Visual Studio Code (1.70.2, undefined, desktop)
Jupyter Extension Version: 2022.7.1102252217.
Python Extension Version: 2022.12.1.
No workspace folder opened.
info 12:21:58.598: ZMQ install verified.
info 12:21:58.953: LSP Notebooks experiment is enabled
info 12:21:58.960: Process Execution: > jupyter notebook --version
> jupyter notebook --version
info 12:21:58.964: Process Execution: > jupyter lab --version
> jupyter lab --version
info 12:21:59.249: Experiment status for python is {"enabled":true,"optInto":[],"optOutFrom":[]}
info 12:21:59.356: Process Execution: > /bin/python -m pip list
> /bin/python -m pip list
info 12:21:59.376: Process Execution: > /bin/python -c "import pip"
> /bin/python -c "import pip"
info 12:22:4.61: Process Execution: > jupyter notebook --version
> jupyter notebook --version
info 12:22:4.67: Process Execution: > jupyter lab --version
> jupyter lab --version
info 12:28:0.822: Shutting down notebooks for 48880a54-67c1-40ab-84d4-51e763725533
info 12:28:0.822: Disposing HostJupyterExecution d17a4bcd-b73c-4703-af94-e3ee178c7a36
info 12:28:0.822: Disposing super HostJupyterExecution d17a4bcd-b73c-4703-af94-e3ee178c7a36
info 12:28:0.822: Disposing HostJupyterExecution d17a4bcd-b73c-4703-af94-e3ee178c7a36
info 12:28:0.822: Finished disposing HostJupyterExecution  d17a4bcd-b73c-4703-af94-e3ee178c7a36
info 12:28:0.827: Cleaning up server cache d17a4bcd-b73c-4703-af94-e3ee178c7a36
info 12:28:0.827: Finished disposing HostJupyterExecution  d17a4bcd-b73c-4703-af94-e3ee178c7a36
